{"/home/matteo/code/users/src/index.js": {"path":"/home/matteo/code/users/src/index.js","statementMap":{"0":{"start":{"line":5,"column":20},"end":{"line":5,"column":51}},"1":{"start":{"line":6,"column":0},"end":{"line":6,"column":38}}},"fnMap":{},"branchMap":{},"s":{"0":0,"1":0},"f":{},"b":{}}
,"/home/matteo/code/users/src/app/App.js": {"path":"/home/matteo/code/users/src/app/App.js","statementMap":{"0":{"start":{"line":9,"column":2},"end":{"line":19,"column":4}}},"fnMap":{"0":{"name":"App","decl":{"start":{"line":8,"column":24},"end":{"line":8,"column":27}},"loc":{"start":{"line":8,"column":30},"end":{"line":20,"column":1}},"line":8}},"branchMap":{},"s":{"0":1},"f":{"0":1},"b":{},"_coverageSchema":"1a1c01bbd47fc00a2c39e90264f33305004495a9","hash":"debd40e7531bacd4beb23416e28561bfcc1fdb88"}
,"/home/matteo/code/users/src/app/constants/constants.js": {"path":"/home/matteo/code/users/src/app/constants/constants.js","statementMap":{"0":{"start":{"line":1,"column":29},"end":{"line":1,"column":53}},"1":{"start":{"line":2,"column":33},"end":{"line":2,"column":59}},"2":{"start":{"line":3,"column":30},"end":{"line":3,"column":53}},"3":{"start":{"line":5,"column":20},"end":{"line":5,"column":26}},"4":{"start":{"line":6,"column":19},"end":{"line":6,"column":24}},"5":{"start":{"line":7,"column":22},"end":{"line":7,"column":30}},"6":{"start":{"line":9,"column":21},"end":{"line":9,"column":28}},"7":{"start":{"line":10,"column":26},"end":{"line":10,"column":37}},"8":{"start":{"line":11,"column":25},"end":{"line":11,"column":35}},"9":{"start":{"line":12,"column":27},"end":{"line":12,"column":40}},"10":{"start":{"line":13,"column":22},"end":{"line":13,"column":30}},"11":{"start":{"line":14,"column":24},"end":{"line":14,"column":34}},"12":{"start":{"line":15,"column":24},"end":{"line":15,"column":34}},"13":{"start":{"line":17,"column":23},"end":{"line":17,"column":32}},"14":{"start":{"line":18,"column":25},"end":{"line":18,"column":36}},"15":{"start":{"line":20,"column":27},"end":{"line":20,"column":77}}},"fnMap":{},"branchMap":{},"s":{"0":17,"1":17,"2":17,"3":17,"4":17,"5":17,"6":17,"7":17,"8":17,"9":17,"10":17,"11":17,"12":17,"13":17,"14":17,"15":17},"f":{},"b":{},"_coverageSchema":"1a1c01bbd47fc00a2c39e90264f33305004495a9","hash":"fb5fcc1c5662556c277ca0704407eec5b3c423b0"}
,"/home/matteo/code/users/src/app/context/Context.js": {"path":"/home/matteo/code/users/src/app/context/Context.js","statementMap":{"0":{"start":{"line":3,"column":21},"end":{"line":5,"column":1}},"1":{"start":{"line":7,"column":18},"end":{"line":18,"column":2}},"2":{"start":{"line":20,"column":19},"end":{"line":29,"column":2}},"3":{"start":{"line":31,"column":28},"end":{"line":31,"column":55}},"4":{"start":{"line":33,"column":29},"end":{"line":63,"column":1}},"5":{"start":{"line":34,"column":28},"end":{"line":34,"column":56}},"6":{"start":{"line":35,"column":22},"end":{"line":40,"column":3}},"7":{"start":{"line":36,"column":19},"end":{"line":36,"column":54}},"8":{"start":{"line":37,"column":4},"end":{"line":39,"column":5}},"9":{"start":{"line":38,"column":6},"end":{"line":38,"column":22}},"10":{"start":{"line":41,"column":22},"end":{"line":57,"column":3}},"11":{"start":{"line":42,"column":4},"end":{"line":42,"column":23}},"12":{"start":{"line":43,"column":20},"end":{"line":43,"column":60}},"13":{"start":{"line":44,"column":21},"end":{"line":44,"column":52}},"14":{"start":{"line":45,"column":4},"end":{"line":50,"column":5}},"15":{"start":{"line":46,"column":6},"end":{"line":46,"column":42}},"16":{"start":{"line":47,"column":6},"end":{"line":47,"column":37}},"17":{"start":{"line":48,"column":6},"end":{"line":48,"column":36}},"18":{"start":{"line":49,"column":6},"end":{"line":49,"column":23}},"19":{"start":{"line":51,"column":4},"end":{"line":56,"column":5}},"20":{"start":{"line":52,"column":6},"end":{"line":52,"column":43}},"21":{"start":{"line":53,"column":6},"end":{"line":53,"column":38}},"22":{"start":{"line":54,"column":6},"end":{"line":54,"column":36}},"23":{"start":{"line":55,"column":6},"end":{"line":55,"column":24}},"24":{"start":{"line":58,"column":2},"end":{"line":62,"column":4}}},"fnMap":{"0":{"name":"(anonymous_0)","decl":{"start":{"line":33,"column":29},"end":{"line":33,"column":30}},"loc":{"start":{"line":33,"column":47},"end":{"line":63,"column":1}},"line":33},"1":{"name":"(anonymous_1)","decl":{"start":{"line":35,"column":22},"end":{"line":35,"column":23}},"loc":{"start":{"line":35,"column":33},"end":{"line":40,"column":3}},"line":35},"2":{"name":"(anonymous_2)","decl":{"start":{"line":41,"column":22},"end":{"line":41,"column":23}},"loc":{"start":{"line":41,"column":28},"end":{"line":57,"column":3}},"line":41}},"branchMap":{"0":{"loc":{"start":{"line":37,"column":4},"end":{"line":39,"column":5}},"type":"if","locations":[{"start":{"line":37,"column":4},"end":{"line":39,"column":5}},{"start":{},"end":{}}],"line":37},"1":{"loc":{"start":{"line":45,"column":4},"end":{"line":50,"column":5}},"type":"if","locations":[{"start":{"line":45,"column":4},"end":{"line":50,"column":5}},{"start":{},"end":{}}],"line":45},"2":{"loc":{"start":{"line":51,"column":4},"end":{"line":56,"column":5}},"type":"if","locations":[{"start":{"line":51,"column":4},"end":{"line":56,"column":5}},{"start":{},"end":{}}],"line":51}},"s":{"0":2,"1":2,"2":2,"3":2,"4":2,"5":1,"6":1,"7":0,"8":0,"9":0,"10":1,"11":0,"12":0,"13":0,"14":0,"15":0,"16":0,"17":0,"18":0,"19":0,"20":0,"21":0,"22":0,"23":0,"24":1},"f":{"0":1,"1":0,"2":0},"b":{"0":[0,0],"1":[0,0],"2":[0,0]},"_coverageSchema":"1a1c01bbd47fc00a2c39e90264f33305004495a9","hash":"ce680b6c6e25bf92d9dbb89e7ac43a7415a235a5"}
,"/home/matteo/code/users/src/app/data/data.js": {"path":"/home/matteo/code/users/src/app/data/data.js","statementMap":{"0":{"start":{"line":1,"column":21},"end":{"line":44,"column":1}},"1":{"start":{"line":46,"column":21},"end":{"line":83,"column":1}}},"fnMap":{},"branchMap":{},"s":{"0":5,"1":5},"f":{},"b":{},"_coverageSchema":"1a1c01bbd47fc00a2c39e90264f33305004495a9","hash":"317a05e4894eb3ac10dfdcb0518e55962e91266b"}
,"/home/matteo/code/users/src/app/data/index.js": {"path":"/home/matteo/code/users/src/app/data/index.js","statementMap":{},"fnMap":{},"branchMap":{},"s":{},"f":{},"b":{},"_coverageSchema":"1a1c01bbd47fc00a2c39e90264f33305004495a9","hash":"e7c2bf0cbef5bf4107544562981d4d77a3d1d1cc"}
,"/home/matteo/code/users/src/app/data/mockData.js": {"path":"/home/matteo/code/users/src/app/data/mockData.js","statementMap":{"0":{"start":{"line":1,"column":21},"end":{"line":18,"column":1}},"1":{"start":{"line":20,"column":20},"end":{"line":27,"column":1}},"2":{"start":{"line":29,"column":23},"end":{"line":32,"column":1}}},"fnMap":{},"branchMap":{},"s":{"0":6,"1":6,"2":6},"f":{},"b":{},"_coverageSchema":"1a1c01bbd47fc00a2c39e90264f33305004495a9","hash":"82385a865e5c4e20f1c45722c9549459ff36dc86"}
,"/home/matteo/code/users/src/app/hooks/index.js": {"path":"/home/matteo/code/users/src/app/hooks/index.js","statementMap":{},"fnMap":{},"branchMap":{},"s":{},"f":{},"b":{},"_coverageSchema":"1a1c01bbd47fc00a2c39e90264f33305004495a9","hash":"45dd923c6f6e86b764e806cc6fefa891d8586ce1"}
,"/home/matteo/code/users/src/app/hooks/useClickOutside.js": {"path":"/home/matteo/code/users/src/app/hooks/useClickOutside.js","statementMap":{"0":{"start":{"line":3,"column":24},"end":{"line":14,"column":1}},"1":{"start":{"line":4,"column":29},"end":{"line":8,"column":3}},"2":{"start":{"line":5,"column":4},"end":{"line":7,"column":5}},"3":{"start":{"line":6,"column":6},"end":{"line":6,"column":17}},"4":{"start":{"line":10,"column":2},"end":{"line":13,"column":5}},"5":{"start":{"line":11,"column":4},"end":{"line":11,"column":63}},"6":{"start":{"line":12,"column":4},"end":{"line":12,"column":79}},"7":{"start":{"line":12,"column":17},"end":{"line":12,"column":78}}},"fnMap":{"0":{"name":"(anonymous_0)","decl":{"start":{"line":3,"column":24},"end":{"line":3,"column":25}},"loc":{"start":{"line":3,"column":43},"end":{"line":14,"column":1}},"line":3},"1":{"name":"(anonymous_1)","decl":{"start":{"line":4,"column":29},"end":{"line":4,"column":30}},"loc":{"start":{"line":4,"column":36},"end":{"line":8,"column":3}},"line":4},"2":{"name":"(anonymous_2)","decl":{"start":{"line":10,"column":12},"end":{"line":10,"column":13}},"loc":{"start":{"line":10,"column":18},"end":{"line":13,"column":3}},"line":10},"3":{"name":"(anonymous_3)","decl":{"start":{"line":12,"column":11},"end":{"line":12,"column":12}},"loc":{"start":{"line":12,"column":17},"end":{"line":12,"column":78}},"line":12}},"branchMap":{"0":{"loc":{"start":{"line":5,"column":4},"end":{"line":7,"column":5}},"type":"if","locations":[{"start":{"line":5,"column":4},"end":{"line":7,"column":5}},{"start":{},"end":{}}],"line":5}},"s":{"0":13,"1":6,"2":2,"3":1,"4":6,"5":4,"6":4,"7":4},"f":{"0":6,"1":2,"2":4,"3":4},"b":{"0":[1,1]},"_coverageSchema":"1a1c01bbd47fc00a2c39e90264f33305004495a9","hash":"41053af432b0d62bb42fa0c03e7fe98375c45de9"}
,"/home/matteo/code/users/src/app/hooks/useFetch.js": {"path":"/home/matteo/code/users/src/app/hooks/useFetch.js","statementMap":{"0":{"start":{"line":5,"column":17},"end":{"line":29,"column":1}},"1":{"start":{"line":6,"column":26},"end":{"line":6,"column":38}},"2":{"start":{"line":7,"column":28},"end":{"line":7,"column":42}},"3":{"start":{"line":8,"column":32},"end":{"line":8,"column":46}},"4":{"start":{"line":10,"column":18},"end":{"line":22,"column":3}},"5":{"start":{"line":11,"column":4},"end":{"line":11,"column":21}},"6":{"start":{"line":12,"column":26},"end":{"line":12,"column":58}},"7":{"start":{"line":13,"column":4},"end":{"line":21,"column":6}},"8":{"start":{"line":15,"column":8},"end":{"line":15,"column":23}},"9":{"start":{"line":16,"column":8},"end":{"line":16,"column":26}},"10":{"start":{"line":19,"column":8},"end":{"line":19,"column":25}},"11":{"start":{"line":24,"column":2},"end":{"line":26,"column":17}},"12":{"start":{"line":25,"column":4},"end":{"line":25,"column":22}},"13":{"start":{"line":28,"column":2},"end":{"line":28,"column":43}}},"fnMap":{"0":{"name":"(anonymous_0)","decl":{"start":{"line":5,"column":17},"end":{"line":5,"column":18}},"loc":{"start":{"line":5,"column":31},"end":{"line":29,"column":1}},"line":5},"1":{"name":"(anonymous_1)","decl":{"start":{"line":10,"column":18},"end":{"line":10,"column":19}},"loc":{"start":{"line":10,"column":38},"end":{"line":22,"column":3}},"line":10},"2":{"name":"(anonymous_2)","decl":{"start":{"line":14,"column":6},"end":{"line":14,"column":7}},"loc":{"start":{"line":14,"column":17},"end":{"line":17,"column":7}},"line":14},"3":{"name":"(anonymous_3)","decl":{"start":{"line":18,"column":6},"end":{"line":18,"column":7}},"loc":{"start":{"line":18,"column":18},"end":{"line":20,"column":7}},"line":18},"4":{"name":"(anonymous_4)","decl":{"start":{"line":24,"column":12},"end":{"line":24,"column":13}},"loc":{"start":{"line":24,"column":18},"end":{"line":26,"column":3}},"line":24}},"branchMap":{},"s":{"0":13,"1":6,"2":6,"3":6,"4":6,"5":3,"6":3,"7":3,"8":2,"9":2,"10":0,"11":6,"12":2,"13":6},"f":{"0":6,"1":3,"2":2,"3":0,"4":2},"b":{},"_coverageSchema":"1a1c01bbd47fc00a2c39e90264f33305004495a9","hash":"9e05efa72f3454fa18ea980a529e20bb8131379d"}
,"/home/matteo/code/users/src/app/hooks/useSort.js": {"path":"/home/matteo/code/users/src/app/hooks/useSort.js","statementMap":{"0":{"start":{"line":1,"column":16},"end":{"line":10,"column":1}},"1":{"start":{"line":2,"column":21},"end":{"line":7,"column":3}},"2":{"start":{"line":3,"column":23},"end":{"line":5,"column":61}},"3":{"start":{"line":5,"column":23},"end":{"line":5,"column":59}},"4":{"start":{"line":6,"column":4},"end":{"line":6,"column":22}},"5":{"start":{"line":9,"column":2},"end":{"line":9,"column":24}}},"fnMap":{"0":{"name":"(anonymous_0)","decl":{"start":{"line":1,"column":16},"end":{"line":1,"column":17}},"loc":{"start":{"line":1,"column":22},"end":{"line":10,"column":1}},"line":1},"1":{"name":"(anonymous_1)","decl":{"start":{"line":2,"column":21},"end":{"line":2,"column":22}},"loc":{"start":{"line":2,"column":31},"end":{"line":7,"column":3}},"line":2},"2":{"name":"(anonymous_2)","decl":{"start":{"line":5,"column":12},"end":{"line":5,"column":13}},"loc":{"start":{"line":5,"column":23},"end":{"line":5,"column":59}},"line":5}},"branchMap":{"0":{"loc":{"start":{"line":5,"column":23},"end":{"line":5,"column":59}},"type":"cond-expr","locations":[{"start":{"line":5,"column":53},"end":{"line":5,"column":55}},{"start":{"line":5,"column":58},"end":{"line":5,"column":59}}],"line":5}},"s":{"0":13,"1":1,"2":1,"3":2,"4":1,"5":1},"f":{"0":1,"1":1,"2":2},"b":{"0":[2,0]},"_coverageSchema":"1a1c01bbd47fc00a2c39e90264f33305004495a9","hash":"24e5fe66fff7b11aa502a844727ce938b98f0946"}
,"/home/matteo/code/users/src/app/library/index.js": {"path":"/home/matteo/code/users/src/app/library/index.js","statementMap":{},"fnMap":{},"branchMap":{},"s":{},"f":{},"b":{},"_coverageSchema":"1a1c01bbd47fc00a2c39e90264f33305004495a9","hash":"ad3853853e235cd0d1f8ccce17610ee21c8d3327"}
,"/home/matteo/code/users/src/app/library/avatar/Avatar.js": {"path":"/home/matteo/code/users/src/app/library/avatar/Avatar.js","statementMap":{"0":{"start":{"line":3,"column":22},"end":{"line":5,"column":1}},"1":{"start":{"line":4,"column":2},"end":{"line":4,"column":79}}},"fnMap":{"0":{"name":"(anonymous_0)","decl":{"start":{"line":3,"column":22},"end":{"line":3,"column":23}},"loc":{"start":{"line":3,"column":40},"end":{"line":5,"column":1}},"line":3}},"branchMap":{},"s":{"0":13,"1":6},"f":{"0":6},"b":{},"_coverageSchema":"1a1c01bbd47fc00a2c39e90264f33305004495a9","hash":"d039952257984b66cf51fe5bc1636b22e51d9bef"}
,"/home/matteo/code/users/src/app/library/button/Button.js": {"path":"/home/matteo/code/users/src/app/library/button/Button.js","statementMap":{"0":{"start":{"line":3,"column":22},"end":{"line":20,"column":1}},"1":{"start":{"line":4,"column":21},"end":{"line":10,"column":3}},"2":{"start":{"line":11,"column":2},"end":{"line":19,"column":4}}},"fnMap":{"0":{"name":"(anonymous_0)","decl":{"start":{"line":3,"column":22},"end":{"line":3,"column":23}},"loc":{"start":{"line":3,"column":68},"end":{"line":20,"column":1}},"line":3}},"branchMap":{},"s":{"0":13,"1":30,"2":30},"f":{"0":30},"b":{},"_coverageSchema":"1a1c01bbd47fc00a2c39e90264f33305004495a9","hash":"c5c04bd9b06bceedf6b5d1dda903d4941a6511cc"}
,"/home/matteo/code/users/src/app/library/details/Item.js": {"path":"/home/matteo/code/users/src/app/library/details/Item.js","statementMap":{"0":{"start":{"line":1,"column":20},"end":{"line":3,"column":1}},"1":{"start":{"line":2,"column":2},"end":{"line":2,"column":31}}},"fnMap":{"0":{"name":"(anonymous_0)","decl":{"start":{"line":1,"column":20},"end":{"line":1,"column":21}},"loc":{"start":{"line":1,"column":38},"end":{"line":3,"column":1}},"line":1}},"branchMap":{},"s":{"0":12,"1":5},"f":{"0":5},"b":{},"_coverageSchema":"1a1c01bbd47fc00a2c39e90264f33305004495a9","hash":"115c2bf4dd879e9ff1c49f400bcd5601b4ad0c44"}
,"/home/matteo/code/users/src/app/library/dialog/Dialog.js": {"path":"/home/matteo/code/users/src/app/library/dialog/Dialog.js","statementMap":{"0":{"start":{"line":5,"column":22},"end":{"line":17,"column":1}},"1":{"start":{"line":6,"column":20},"end":{"line":6,"column":28}},"2":{"start":{"line":7,"column":2},"end":{"line":7,"column":49}},"3":{"start":{"line":8,"column":2},"end":{"line":16,"column":4}}},"fnMap":{"0":{"name":"(anonymous_0)","decl":{"start":{"line":5,"column":22},"end":{"line":5,"column":23}},"loc":{"start":{"line":5,"column":72},"end":{"line":17,"column":1}},"line":5}},"branchMap":{},"s":{"0":13,"1":1,"2":1,"3":1},"f":{"0":1},"b":{},"_coverageSchema":"1a1c01bbd47fc00a2c39e90264f33305004495a9","hash":"4efae8a6333d048fe5867013c26bfa73f2325e0c"}
,"/home/matteo/code/users/src/app/library/form/Checkbox.js": {"path":"/home/matteo/code/users/src/app/library/form/Checkbox.js","statementMap":{"0":{"start":{"line":5,"column":24},"end":{"line":30,"column":1}},"1":{"start":{"line":6,"column":2},"end":{"line":29,"column":4}},"2":{"start":{"line":12,"column":10},"end":{"line":20,"column":12}},"3":{"start":{"line":17,"column":14},"end":{"line":17,"column":35}}},"fnMap":{"0":{"name":"(anonymous_0)","decl":{"start":{"line":5,"column":24},"end":{"line":5,"column":25}},"loc":{"start":{"line":5,"column":77},"end":{"line":30,"column":1}},"line":5},"1":{"name":"(anonymous_1)","decl":{"start":{"line":11,"column":16},"end":{"line":11,"column":17}},"loc":{"start":{"line":12,"column":10},"end":{"line":20,"column":12}},"line":12},"2":{"name":"(anonymous_2)","decl":{"start":{"line":16,"column":22},"end":{"line":16,"column":23}},"loc":{"start":{"line":16,"column":31},"end":{"line":18,"column":13}},"line":16}},"branchMap":{"0":{"loc":{"start":{"line":23,"column":7},"end":{"line":27,"column":7}},"type":"cond-expr","locations":[{"start":{"line":24,"column":8},"end":{"line":24,"column":66}},{"start":{"line":26,"column":8},"end":{"line":26,"column":45}}],"line":23}},"s":{"0":12,"1":5,"2":5,"3":0},"f":{"0":5,"1":5,"2":0},"b":{"0":[0,5]},"_coverageSchema":"1a1c01bbd47fc00a2c39e90264f33305004495a9","hash":"98976f8f14a181530f42d95b2e2d08b167489c90"}
,"/home/matteo/code/users/src/app/library/form/Field.js": {"path":"/home/matteo/code/users/src/app/library/form/Field.js","statementMap":{"0":{"start":{"line":4,"column":21},"end":{"line":6,"column":1}},"1":{"start":{"line":5,"column":2},"end":{"line":5,"column":56}}},"fnMap":{"0":{"name":"(anonymous_0)","decl":{"start":{"line":4,"column":21},"end":{"line":4,"column":22}},"loc":{"start":{"line":4,"column":39},"end":{"line":6,"column":1}},"line":4}},"branchMap":{},"s":{"0":13,"1":37},"f":{"0":37},"b":{},"_coverageSchema":"1a1c01bbd47fc00a2c39e90264f33305004495a9","hash":"44437756e8873c5530b75c8a115bc122a51f31d0"}
,"/home/matteo/code/users/src/app/library/form/Input.js": {"path":"/home/matteo/code/users/src/app/library/form/Input.js","statementMap":{"0":{"start":{"line":5,"column":21},"end":{"line":42,"column":1}},"1":{"start":{"line":15,"column":2},"end":{"line":41,"column":4}},"2":{"start":{"line":22,"column":10},"end":{"line":32,"column":12}},"3":{"start":{"line":28,"column":14},"end":{"line":28,"column":35}}},"fnMap":{"0":{"name":"(anonymous_0)","decl":{"start":{"line":5,"column":21},"end":{"line":5,"column":22}},"loc":{"start":{"line":14,"column":6},"end":{"line":42,"column":1}},"line":14},"1":{"name":"(anonymous_1)","decl":{"start":{"line":21,"column":16},"end":{"line":21,"column":17}},"loc":{"start":{"line":22,"column":10},"end":{"line":32,"column":12}},"line":22},"2":{"name":"(anonymous_2)","decl":{"start":{"line":27,"column":22},"end":{"line":27,"column":23}},"loc":{"start":{"line":27,"column":31},"end":{"line":29,"column":13}},"line":27}},"branchMap":{"0":{"loc":{"start":{"line":13,"column":2},"end":{"line":13,"column":15}},"type":"default-arg","locations":[{"start":{"line":13,"column":9},"end":{"line":13,"column":15}}],"line":13},"1":{"loc":{"start":{"line":20,"column":22},"end":{"line":20,"column":40}},"type":"binary-expr","locations":[{"start":{"line":20,"column":22},"end":{"line":20,"column":34}},{"start":{"line":20,"column":38},"end":{"line":20,"column":40}}],"line":20},"2":{"loc":{"start":{"line":35,"column":7},"end":{"line":39,"column":7}},"type":"cond-expr","locations":[{"start":{"line":36,"column":8},"end":{"line":36,"column":66}},{"start":{"line":38,"column":8},"end":{"line":38,"column":45}}],"line":35}},"s":{"0":13,"1":32,"2":37,"3":4},"f":{"0":32,"1":37,"2":4},"b":{"0":[27],"1":[32,30],"2":[4,28]},"_coverageSchema":"1a1c01bbd47fc00a2c39e90264f33305004495a9","hash":"070f131c32ccdc91724611bc4078fe7f0a08f6cd"}
,"/home/matteo/code/users/src/app/library/loader/Loader.js": {"path":"/home/matteo/code/users/src/app/library/loader/Loader.js","statementMap":{"0":{"start":{"line":3,"column":22},"end":{"line":3,"column":49}},"1":{"start":{"line":3,"column":28},"end":{"line":3,"column":49}}},"fnMap":{"0":{"name":"(anonymous_0)","decl":{"start":{"line":3,"column":22},"end":{"line":3,"column":23}},"loc":{"start":{"line":3,"column":28},"end":{"line":3,"column":49}},"line":3}},"branchMap":{},"s":{"0":13,"1":3},"f":{"0":3},"b":{},"_coverageSchema":"1a1c01bbd47fc00a2c39e90264f33305004495a9","hash":"47a88ea25308cb23e4f292c9549f9835e0efcf3a"}
,"/home/matteo/code/users/src/app/library/modal/Modal.js": {"path":"/home/matteo/code/users/src/app/library/modal/Modal.js","statementMap":{"0":{"start":{"line":6,"column":21},"end":{"line":28,"column":1}},"1":{"start":{"line":7,"column":15},"end":{"line":10,"column":3}},"2":{"start":{"line":11,"column":19},"end":{"line":11,"column":27}},"3":{"start":{"line":12,"column":2},"end":{"line":12,"column":36}},"4":{"start":{"line":13,"column":2},"end":{"line":27,"column":4}}},"fnMap":{"0":{"name":"(anonymous_0)","decl":{"start":{"line":6,"column":21},"end":{"line":6,"column":22}},"loc":{"start":{"line":6,"column":58},"end":{"line":28,"column":1}},"line":6}},"branchMap":{},"s":{"0":12,"1":3,"2":3,"3":3,"4":3},"f":{"0":3},"b":{},"_coverageSchema":"1a1c01bbd47fc00a2c39e90264f33305004495a9","hash":"61b066bf04dcd6d01a93c1fd72b58f1fce675c98"}
,"/home/matteo/code/users/src/app/library/typography/Label.js": {"path":"/home/matteo/code/users/src/app/library/typography/Label.js","statementMap":{"0":{"start":{"line":3,"column":21},"end":{"line":9,"column":1}},"1":{"start":{"line":4,"column":2},"end":{"line":8,"column":4}}},"fnMap":{"0":{"name":"(anonymous_0)","decl":{"start":{"line":3,"column":21},"end":{"line":3,"column":22}},"loc":{"start":{"line":3,"column":35},"end":{"line":9,"column":1}},"line":3}},"branchMap":{},"s":{"0":13,"1":37},"f":{"0":37},"b":{},"_coverageSchema":"1a1c01bbd47fc00a2c39e90264f33305004495a9","hash":"50252c7ab8ff31afd00718a6df0a4c8113141717"}
,"/home/matteo/code/users/src/app/library/typography/Subtitle.js": {"path":"/home/matteo/code/users/src/app/library/typography/Subtitle.js","statementMap":{"0":{"start":{"line":4,"column":24},"end":{"line":10,"column":1}},"1":{"start":{"line":5,"column":2},"end":{"line":9,"column":4}}},"fnMap":{"0":{"name":"(anonymous_0)","decl":{"start":{"line":4,"column":24},"end":{"line":4,"column":25}},"loc":{"start":{"line":4,"column":60},"end":{"line":10,"column":1}},"line":4}},"branchMap":{"0":{"loc":{"start":{"line":4,"column":33},"end":{"line":4,"column":53}},"type":"default-arg","locations":[{"start":{"line":4,"column":51},"end":{"line":4,"column":53}}],"line":4}},"s":{"0":13,"1":21},"f":{"0":21},"b":{"0":[16]},"_coverageSchema":"1a1c01bbd47fc00a2c39e90264f33305004495a9","hash":"e03e52b96bbb0d447f923a0154076404db450501"}
,"/home/matteo/code/users/src/app/library/typography/Text.jest.js": {"path":"/home/matteo/code/users/src/app/library/typography/Text.jest.js","statementMap":{"0":{"start":{"line":5,"column":0},"end":{"line":11,"column":3}},"1":{"start":{"line":6,"column":2},"end":{"line":10,"column":5}},"2":{"start":{"line":7,"column":19},"end":{"line":7,"column":27}},"3":{"start":{"line":8,"column":22},"end":{"line":8,"column":45}},"4":{"start":{"line":9,"column":4},"end":{"line":9,"column":49}}},"fnMap":{"0":{"name":"(anonymous_0)","decl":{"start":{"line":5,"column":34},"end":{"line":5,"column":35}},"loc":{"start":{"line":5,"column":40},"end":{"line":11,"column":1}},"line":5},"1":{"name":"(anonymous_1)","decl":{"start":{"line":6,"column":26},"end":{"line":6,"column":27}},"loc":{"start":{"line":6,"column":32},"end":{"line":10,"column":3}},"line":6}},"branchMap":{},"s":{"0":0,"1":0,"2":0,"3":0,"4":0},"f":{"0":0,"1":0},"b":{}}
,"/home/matteo/code/users/src/app/library/typography/Text.js": {"path":"/home/matteo/code/users/src/app/library/typography/Text.js","statementMap":{"0":{"start":{"line":3,"column":20},"end":{"line":9,"column":1}},"1":{"start":{"line":4,"column":2},"end":{"line":8,"column":4}}},"fnMap":{"0":{"name":"(anonymous_0)","decl":{"start":{"line":3,"column":20},"end":{"line":3,"column":21}},"loc":{"start":{"line":3,"column":34},"end":{"line":9,"column":1}},"line":3}},"branchMap":{},"s":{"0":12,"1":8},"f":{"0":8},"b":{},"_coverageSchema":"1a1c01bbd47fc00a2c39e90264f33305004495a9","hash":"3a37f6edc552300bd3e72f9e39b4a237dfec378e"}
,"/home/matteo/code/users/src/app/library/typography/Title.js": {"path":"/home/matteo/code/users/src/app/library/typography/Title.js","statementMap":{"0":{"start":{"line":4,"column":21},"end":{"line":10,"column":1}},"1":{"start":{"line":5,"column":2},"end":{"line":9,"column":4}}},"fnMap":{"0":{"name":"(anonymous_0)","decl":{"start":{"line":4,"column":21},"end":{"line":4,"column":22}},"loc":{"start":{"line":4,"column":57},"end":{"line":10,"column":1}},"line":4}},"branchMap":{"0":{"loc":{"start":{"line":4,"column":30},"end":{"line":4,"column":50}},"type":"default-arg","locations":[{"start":{"line":4,"column":48},"end":{"line":4,"column":50}}],"line":4}},"s":{"0":13,"1":19},"f":{"0":19},"b":{"0":[8]},"_coverageSchema":"1a1c01bbd47fc00a2c39e90264f33305004495a9","hash":"3ad4e986084202b13bd8c0db2010d009948e4b70"}
,"/home/matteo/code/users/src/app/service/request.js": {"path":"/home/matteo/code/users/src/app/service/request.js","statementMap":{"0":{"start":{"line":3,"column":4},"end":{"line":3,"column":21}},"1":{"start":{"line":4,"column":4},"end":{"line":4,"column":29}},"2":{"start":{"line":5,"column":4},"end":{"line":5,"column":25}},"3":{"start":{"line":6,"column":4},"end":{"line":13,"column":6}},"4":{"start":{"line":16,"column":4},"end":{"line":22,"column":5}},"5":{"start":{"line":17,"column":23},"end":{"line":17,"column":64}},"6":{"start":{"line":18,"column":27},"end":{"line":18,"column":48}},"7":{"start":{"line":19,"column":6},"end":{"line":19,"column":26}},"8":{"start":{"line":21,"column":6},"end":{"line":21,"column":15}},"9":{"start":{"line":25,"column":4},"end":{"line":31,"column":5}},"10":{"start":{"line":26,"column":23},"end":{"line":26,"column":49}},"11":{"start":{"line":27,"column":27},"end":{"line":27,"column":48}},"12":{"start":{"line":28,"column":6},"end":{"line":28,"column":26}},"13":{"start":{"line":30,"column":6},"end":{"line":30,"column":23}},"14":{"start":{"line":34,"column":4},"end":{"line":40,"column":5}},"15":{"start":{"line":35,"column":23},"end":{"line":35,"column":64}},"16":{"start":{"line":36,"column":27},"end":{"line":36,"column":48}},"17":{"start":{"line":37,"column":6},"end":{"line":37,"column":26}},"18":{"start":{"line":39,"column":6},"end":{"line":39,"column":15}}},"fnMap":{"0":{"name":"(anonymous_0)","decl":{"start":{"line":2,"column":2},"end":{"line":2,"column":3}},"loc":{"start":{"line":2,"column":38},"end":{"line":14,"column":3}},"line":2},"1":{"name":"(anonymous_1)","decl":{"start":{"line":15,"column":2},"end":{"line":15,"column":3}},"loc":{"start":{"line":15,"column":15},"end":{"line":23,"column":3}},"line":15},"2":{"name":"(anonymous_2)","decl":{"start":{"line":24,"column":2},"end":{"line":24,"column":3}},"loc":{"start":{"line":24,"column":14},"end":{"line":32,"column":3}},"line":24},"3":{"name":"(anonymous_3)","decl":{"start":{"line":33,"column":2},"end":{"line":33,"column":3}},"loc":{"start":{"line":33,"column":17},"end":{"line":41,"column":3}},"line":33}},"branchMap":{},"s":{"0":2,"1":2,"2":2,"3":2,"4":0,"5":0,"6":0,"7":0,"8":0,"9":2,"10":2,"11":1,"12":1,"13":0,"14":0,"15":0,"16":0,"17":0,"18":0},"f":{"0":2,"1":0,"2":2,"3":0},"b":{},"_coverageSchema":"1a1c01bbd47fc00a2c39e90264f33305004495a9","hash":"609bab4e799cb16dce6fa72b87e218232528968f"}
,"/home/matteo/code/users/src/app/store/redux-hooks.js": {"path":"/home/matteo/code/users/src/app/store/redux-hooks.js","statementMap":{"0":{"start":{"line":3,"column":30},"end":{"line":3,"column":49}},"1":{"start":{"line":3,"column":36},"end":{"line":3,"column":49}},"2":{"start":{"line":4,"column":30},"end":{"line":4,"column":41}}},"fnMap":{"0":{"name":"(anonymous_0)","decl":{"start":{"line":3,"column":30},"end":{"line":3,"column":31}},"loc":{"start":{"line":3,"column":36},"end":{"line":3,"column":49}},"line":3}},"branchMap":{},"s":{"0":0,"1":0,"2":0},"f":{"0":0},"b":{}}
,"/home/matteo/code/users/src/app/store/store.js": {"path":"/home/matteo/code/users/src/app/store/store.js","statementMap":{"0":{"start":{"line":5,"column":20},"end":{"line":8,"column":2}},"1":{"start":{"line":14,"column":26},"end":{"line":19,"column":1}},"2":{"start":{"line":15,"column":2},"end":{"line":18,"column":5}}},"fnMap":{"0":{"name":"(anonymous_0)","decl":{"start":{"line":14,"column":26},"end":{"line":14,"column":27}},"loc":{"start":{"line":14,"column":46},"end":{"line":19,"column":1}},"line":14}},"branchMap":{},"s":{"0":4,"1":4,"2":3},"f":{"0":3},"b":{},"_coverageSchema":"1a1c01bbd47fc00a2c39e90264f33305004495a9","hash":"8b2338d70e97d2498a0e99bd80754a6738d7c812"}
,"/home/matteo/code/users/src/app/utils/tests/tests.js": {"path":"/home/matteo/code/users/src/app/utils/tests/tests.js","statementMap":{"0":{"start":{"line":7,"column":35},"end":{"line":19,"column":1}},"1":{"start":{"line":15,"column":18},"end":{"line":17,"column":3}},"2":{"start":{"line":16,"column":4},"end":{"line":16,"column":57}},"3":{"start":{"line":18,"column":2},"end":{"line":18,"column":74}}},"fnMap":{"0":{"name":"(anonymous_0)","decl":{"start":{"line":7,"column":35},"end":{"line":7,"column":36}},"loc":{"start":{"line":14,"column":5},"end":{"line":19,"column":1}},"line":14},"1":{"name":"(anonymous_1)","decl":{"start":{"line":15,"column":18},"end":{"line":15,"column":19}},"loc":{"start":{"line":15,"column":36},"end":{"line":17,"column":3}},"line":15}},"branchMap":{"0":{"loc":{"start":{"line":9,"column":2},"end":{"line":13,"column":8}},"type":"default-arg","locations":[{"start":{"line":13,"column":6},"end":{"line":13,"column":8}}],"line":9},"1":{"loc":{"start":{"line":10,"column":4},"end":{"line":10,"column":23}},"type":"default-arg","locations":[{"start":{"line":10,"column":21},"end":{"line":10,"column":23}}],"line":10},"2":{"loc":{"start":{"line":11,"column":4},"end":{"line":11,"column":38}},"type":"default-arg","locations":[{"start":{"line":11,"column":12},"end":{"line":11,"column":38}}],"line":11}},"s":{"0":2,"1":3,"2":3,"3":3},"f":{"0":3,"1":3},"b":{"0":[1],"1":[1],"2":[3]},"_coverageSchema":"1a1c01bbd47fc00a2c39e90264f33305004495a9","hash":"e7efed71be53958eb68ecdafe838372d056298c3"}
,"/home/matteo/code/users/src/app/views/index.js": {"path":"/home/matteo/code/users/src/app/views/index.js","statementMap":{"0":{"start":{"line":8,"column":21},"end":{"line":14,"column":1}},"1":{"start":{"line":9,"column":2},"end":{"line":13,"column":4}},"2":{"start":{"line":16,"column":18},"end":{"line":18,"column":1}},"3":{"start":{"line":17,"column":2},"end":{"line":17,"column":63}},"4":{"start":{"line":20,"column":21},"end":{"line":37,"column":1}},"5":{"start":{"line":21,"column":17},"end":{"line":21,"column":45}},"6":{"start":{"line":22,"column":2},"end":{"line":36,"column":4}}},"fnMap":{"0":{"name":"(anonymous_0)","decl":{"start":{"line":8,"column":21},"end":{"line":8,"column":22}},"loc":{"start":{"line":8,"column":48},"end":{"line":14,"column":1}},"line":8},"1":{"name":"(anonymous_1)","decl":{"start":{"line":16,"column":18},"end":{"line":16,"column":19}},"loc":{"start":{"line":16,"column":45},"end":{"line":18,"column":1}},"line":16},"2":{"name":"(anonymous_2)","decl":{"start":{"line":20,"column":21},"end":{"line":20,"column":22}},"loc":{"start":{"line":20,"column":27},"end":{"line":37,"column":1}},"line":20}},"branchMap":{"0":{"loc":{"start":{"line":9,"column":9},"end":{"line":13,"column":3}},"type":"cond-expr","locations":[{"start":{"line":10,"column":4},"end":{"line":10,"column":32}},{"start":{"line":12,"column":4},"end":{"line":12,"column":36}}],"line":9},"1":{"loc":{"start":{"line":17,"column":9},"end":{"line":17,"column":62}},"type":"cond-expr","locations":[{"start":{"line":17,"column":18},"end":{"line":17,"column":50}},{"start":{"line":17,"column":53},"end":{"line":17,"column":62}}],"line":17}},"s":{"0":2,"1":1,"2":2,"3":3,"4":2,"5":3,"6":3},"f":{"0":1,"1":3,"2":3},"b":{"0":[1,0],"1":[1,2]},"_coverageSchema":"1a1c01bbd47fc00a2c39e90264f33305004495a9","hash":"feef28c455d11c8d7d44d4c7a192815990f1e822"}
,"/home/matteo/code/users/src/app/views/auth/components/LoginForm.js": {"path":"/home/matteo/code/users/src/app/views/auth/components/LoginForm.js","statementMap":{"0":{"start":{"line":9,"column":18},"end":{"line":67,"column":1}},"1":{"start":{"line":10,"column":18},"end":{"line":17,"column":4}},"2":{"start":{"line":24,"column":6},"end":{"line":24,"column":13}},"3":{"start":{"line":26,"column":19},"end":{"line":28,"column":3}},"4":{"start":{"line":27,"column":4},"end":{"line":27,"column":24}},"5":{"start":{"line":30,"column":2},"end":{"line":66,"column":4}}},"fnMap":{"0":{"name":"(anonymous_0)","decl":{"start":{"line":9,"column":18},"end":{"line":9,"column":19}},"loc":{"start":{"line":9,"column":34},"end":{"line":67,"column":1}},"line":9},"1":{"name":"(anonymous_1)","decl":{"start":{"line":26,"column":19},"end":{"line":26,"column":20}},"loc":{"start":{"line":26,"column":25},"end":{"line":28,"column":3}},"line":26}},"branchMap":{},"s":{"0":3,"1":5,"2":5,"3":5,"4":1,"5":5},"f":{"0":5,"1":1},"b":{},"_coverageSchema":"1a1c01bbd47fc00a2c39e90264f33305004495a9","hash":"2715da3a1c287170083d1505a18980ce37ed16ca"}
,"/home/matteo/code/users/src/app/views/auth/components/LoginFormSchema.js": {"path":"/home/matteo/code/users/src/app/views/auth/components/LoginFormSchema.js","statementMap":{"0":{"start":{"line":4,"column":31},"end":{"line":10,"column":2}}},"fnMap":{},"branchMap":{},"s":{"0":3},"f":{},"b":{},"_coverageSchema":"1a1c01bbd47fc00a2c39e90264f33305004495a9","hash":"a5a1500d75aa7949ea3345d4c3da0ce00213c42c"}
,"/home/matteo/code/users/src/app/views/auth/containers/login/Login.jsx": {"path":"/home/matteo/code/users/src/app/views/auth/containers/login/Login.jsx","statementMap":{"0":{"start":{"line":10,"column":14},"end":{"line":23,"column":1}},"1":{"start":{"line":11,"column":19},"end":{"line":11,"column":32}},"2":{"start":{"line":13,"column":17},"end":{"line":15,"column":3}},"3":{"start":{"line":14,"column":4},"end":{"line":14,"column":25}},"4":{"start":{"line":17,"column":2},"end":{"line":22,"column":9}}},"fnMap":{"0":{"name":"(anonymous_0)","decl":{"start":{"line":10,"column":14},"end":{"line":10,"column":15}},"loc":{"start":{"line":10,"column":20},"end":{"line":23,"column":1}},"line":10},"1":{"name":"(anonymous_1)","decl":{"start":{"line":13,"column":17},"end":{"line":13,"column":18}},"loc":{"start":{"line":13,"column":27},"end":{"line":15,"column":3}},"line":13}},"branchMap":{},"s":{"0":3,"1":3,"2":3,"3":1,"4":3},"f":{"0":3,"1":1},"b":{},"_coverageSchema":"1a1c01bbd47fc00a2c39e90264f33305004495a9","hash":"77be617babb5074bf84e58035f1c91b2e1b19718"}
,"/home/matteo/code/users/src/app/views/auth/store/authSlice.js": {"path":"/home/matteo/code/users/src/app/views/auth/store/authSlice.js","statementMap":{"0":{"start":{"line":8,"column":21},"end":{"line":12,"column":1}},"1":{"start":{"line":14,"column":21},"end":{"line":21,"column":2}},"2":{"start":{"line":15,"column":2},"end":{"line":19,"column":5}},"3":{"start":{"line":20,"column":2},"end":{"line":20,"column":9}},"4":{"start":{"line":23,"column":18},"end":{"line":36,"column":2}},"5":{"start":{"line":28,"column":6},"end":{"line":28,"column":43}},"6":{"start":{"line":32,"column":4},"end":{"line":34,"column":7}},"7":{"start":{"line":33,"column":6},"end":{"line":33,"column":71}},"8":{"start":{"line":38,"column":26},"end":{"line":38,"column":43}},"9":{"start":{"line":42,"column":31},"end":{"line":47,"column":1}},"10":{"start":{"line":43,"column":13},"end":{"line":43,"column":39}},"11":{"start":{"line":45,"column":4},"end":{"line":45,"column":27}}},"fnMap":{"0":{"name":"(anonymous_0)","decl":{"start":{"line":14,"column":47},"end":{"line":14,"column":48}},"loc":{"start":{"line":14,"column":63},"end":{"line":21,"column":1}},"line":14},"1":{"name":"(anonymous_1)","decl":{"start":{"line":27,"column":4},"end":{"line":27,"column":5}},"loc":{"start":{"line":27,"column":18},"end":{"line":29,"column":5}},"line":27},"2":{"name":"(anonymous_2)","decl":{"start":{"line":31,"column":17},"end":{"line":31,"column":18}},"loc":{"start":{"line":31,"column":30},"end":{"line":35,"column":3}},"line":31},"3":{"name":"(anonymous_3)","decl":{"start":{"line":32,"column":37},"end":{"line":32,"column":38}},"loc":{"start":{"line":32,"column":56},"end":{"line":34,"column":5}},"line":32},"4":{"name":"(anonymous_4)","decl":{"start":{"line":43,"column":2},"end":{"line":43,"column":3}},"loc":{"start":{"line":43,"column":13},"end":{"line":43,"column":39}},"line":43},"5":{"name":"(anonymous_5)","decl":{"start":{"line":44,"column":2},"end":{"line":44,"column":3}},"loc":{"start":{"line":44,"column":23},"end":{"line":46,"column":3}},"line":44}},"branchMap":{},"s":{"0":5,"1":5,"2":1,"3":1,"4":5,"5":1,"6":5,"7":0,"8":5,"9":5,"10":4,"11":3},"f":{"0":1,"1":1,"2":5,"3":0,"4":4,"5":3},"b":{},"_coverageSchema":"1a1c01bbd47fc00a2c39e90264f33305004495a9","hash":"bee7e1e05f3980d5decd3db9516fe02ed3ea1f77"}
,"/home/matteo/code/users/src/app/views/layout/components/header/Header.js": {"path":"/home/matteo/code/users/src/app/views/layout/components/header/Header.js","statementMap":{"0":{"start":{"line":4,"column":15},"end":{"line":21,"column":1}},"1":{"start":{"line":5,"column":2},"end":{"line":20,"column":4}}},"fnMap":{"0":{"name":"(anonymous_0)","decl":{"start":{"line":4,"column":15},"end":{"line":4,"column":16}},"loc":{"start":{"line":4,"column":47},"end":{"line":21,"column":1}},"line":4}},"branchMap":{},"s":{"0":2,"1":1},"f":{"0":1},"b":{},"_coverageSchema":"1a1c01bbd47fc00a2c39e90264f33305004495a9","hash":"8606c061322efa33834eaf79178b2e16f9db49c1"}
,"/home/matteo/code/users/src/app/views/layout/components/sidebar/Sidebar.js": {"path":"/home/matteo/code/users/src/app/views/layout/components/sidebar/Sidebar.js","statementMap":{"0":{"start":{"line":5,"column":16},"end":{"line":18,"column":1}},"1":{"start":{"line":6,"column":2},"end":{"line":17,"column":4}}},"fnMap":{"0":{"name":"(anonymous_0)","decl":{"start":{"line":5,"column":16},"end":{"line":5,"column":17}},"loc":{"start":{"line":5,"column":22},"end":{"line":18,"column":1}},"line":5}},"branchMap":{},"s":{"0":2,"1":1},"f":{"0":1},"b":{},"_coverageSchema":"1a1c01bbd47fc00a2c39e90264f33305004495a9","hash":"60c5c4d2481df89a3c2f5ae3537e50eb23eac5e0"}
,"/home/matteo/code/users/src/app/views/layout/containers/Layout.js": {"path":"/home/matteo/code/users/src/app/views/layout/containers/Layout.js","statementMap":{"0":{"start":{"line":9,"column":15},"end":{"line":27,"column":1}},"1":{"start":{"line":10,"column":19},"end":{"line":10,"column":32}},"2":{"start":{"line":11,"column":23},"end":{"line":11,"column":47}},"3":{"start":{"line":12,"column":19},"end":{"line":14,"column":3}},"4":{"start":{"line":13,"column":4},"end":{"line":13,"column":31}},"5":{"start":{"line":15,"column":23},"end":{"line":17,"column":3}},"6":{"start":{"line":16,"column":4},"end":{"line":16,"column":23}},"7":{"start":{"line":18,"column":2},"end":{"line":26,"column":4}}},"fnMap":{"0":{"name":"(anonymous_0)","decl":{"start":{"line":9,"column":15},"end":{"line":9,"column":16}},"loc":{"start":{"line":9,"column":33},"end":{"line":27,"column":1}},"line":9},"1":{"name":"(anonymous_1)","decl":{"start":{"line":12,"column":19},"end":{"line":12,"column":20}},"loc":{"start":{"line":12,"column":25},"end":{"line":14,"column":3}},"line":12},"2":{"name":"(anonymous_2)","decl":{"start":{"line":15,"column":23},"end":{"line":15,"column":24}},"loc":{"start":{"line":15,"column":29},"end":{"line":17,"column":3}},"line":15}},"branchMap":{},"s":{"0":2,"1":1,"2":1,"3":1,"4":0,"5":1,"6":0,"7":1},"f":{"0":1,"1":0,"2":0},"b":{},"_coverageSchema":"1a1c01bbd47fc00a2c39e90264f33305004495a9","hash":"7472144104409533577b1ee0dc299d62dfa9ad5d"}
,"/home/matteo/code/users/src/app/views/users/components/index.js": {"path":"/home/matteo/code/users/src/app/views/users/components/index.js","statementMap":{},"fnMap":{},"branchMap":{},"s":{},"f":{},"b":{},"_coverageSchema":"1a1c01bbd47fc00a2c39e90264f33305004495a9","hash":"f85cc476746115cd7ab325a409d73dceaa2f89c6"}
,"/home/matteo/code/users/src/app/views/users/components/addUser/AddUser.js": {"path":"/home/matteo/code/users/src/app/views/users/components/addUser/AddUser.js","statementMap":{"0":{"start":{"line":22,"column":16},"end":{"line":116,"column":1}},"1":{"start":{"line":23,"column":18},"end":{"line":34,"column":4}},"2":{"start":{"line":41,"column":6},"end":{"line":41,"column":13}},"3":{"start":{"line":43,"column":19},"end":{"line":45,"column":3}},"4":{"start":{"line":44,"column":4},"end":{"line":44,"column":24}},"5":{"start":{"line":47,"column":2},"end":{"line":115,"column":4}}},"fnMap":{"0":{"name":"(anonymous_0)","decl":{"start":{"line":22,"column":16},"end":{"line":22,"column":17}},"loc":{"start":{"line":22,"column":32},"end":{"line":116,"column":1}},"line":22},"1":{"name":"(anonymous_1)","decl":{"start":{"line":43,"column":19},"end":{"line":43,"column":20}},"loc":{"start":{"line":43,"column":25},"end":{"line":45,"column":3}},"line":43}},"branchMap":{},"s":{"0":4,"1":5,"2":5,"3":5,"4":1,"5":5},"f":{"0":5,"1":1},"b":{},"_coverageSchema":"1a1c01bbd47fc00a2c39e90264f33305004495a9","hash":"045927a12ba67d8adea3db6373e354606534d12f"}
,"/home/matteo/code/users/src/app/views/users/components/addUser/Schema.js": {"path":"/home/matteo/code/users/src/app/views/users/components/addUser/Schema.js","statementMap":{"0":{"start":{"line":9,"column":29},"end":{"line":21,"column":2}}},"fnMap":{},"branchMap":{},"s":{"0":4},"f":{},"b":{},"_coverageSchema":"1a1c01bbd47fc00a2c39e90264f33305004495a9","hash":"175bc78697d5922b937ef7f362aee1b597b275d7"}
,"/home/matteo/code/users/src/app/views/users/components/details/Charts.js": {"path":"/home/matteo/code/users/src/app/views/users/components/details/Charts.js","statementMap":{"0":{"start":{"line":15,"column":15},"end":{"line":45,"column":1}},"1":{"start":{"line":16,"column":2},"end":{"line":44,"column":4}}},"fnMap":{"0":{"name":"(anonymous_0)","decl":{"start":{"line":15,"column":15},"end":{"line":15,"column":16}},"loc":{"start":{"line":15,"column":21},"end":{"line":45,"column":1}},"line":15}},"branchMap":{},"s":{"0":5,"1":2},"f":{"0":2},"b":{},"_coverageSchema":"1a1c01bbd47fc00a2c39e90264f33305004495a9","hash":"1c10742585538d8442db6270195bc8a34cddfa87"}
,"/home/matteo/code/users/src/app/views/users/components/details/Orders.js": {"path":"/home/matteo/code/users/src/app/views/users/components/details/Orders.js","statementMap":{"0":{"start":{"line":4,"column":15},"end":{"line":21,"column":1}},"1":{"start":{"line":5,"column":2},"end":{"line":20,"column":4}}},"fnMap":{"0":{"name":"(anonymous_0)","decl":{"start":{"line":4,"column":15},"end":{"line":4,"column":16}},"loc":{"start":{"line":4,"column":21},"end":{"line":21,"column":1}},"line":4}},"branchMap":{},"s":{"0":5,"1":2},"f":{"0":2},"b":{},"_coverageSchema":"1a1c01bbd47fc00a2c39e90264f33305004495a9","hash":"391644ed6d7f6c5499092401a1118850d3f9be9e"}
,"/home/matteo/code/users/src/app/views/users/components/details/Personal.js": {"path":"/home/matteo/code/users/src/app/views/users/components/details/Personal.js","statementMap":{"0":{"start":{"line":4,"column":17},"end":{"line":37,"column":1}},"1":{"start":{"line":5,"column":25},"end":{"line":5,"column":29}},"2":{"start":{"line":6,"column":2},"end":{"line":36,"column":4}}},"fnMap":{"0":{"name":"(anonymous_0)","decl":{"start":{"line":4,"column":17},"end":{"line":4,"column":18}},"loc":{"start":{"line":4,"column":31},"end":{"line":37,"column":1}},"line":4}},"branchMap":{},"s":{"0":4,"1":1,"2":1},"f":{"0":1},"b":{},"_coverageSchema":"1a1c01bbd47fc00a2c39e90264f33305004495a9","hash":"748796657a50004686c7e07916b99dfbce7e3ce0"}
,"/home/matteo/code/users/src/app/views/users/components/filters/Filters.js": {"path":"/home/matteo/code/users/src/app/views/users/components/filters/Filters.js","statementMap":{"0":{"start":{"line":6,"column":16},"end":{"line":29,"column":1}},"1":{"start":{"line":7,"column":30},"end":{"line":7,"column":59}},"2":{"start":{"line":8,"column":23},"end":{"line":14,"column":3}},"3":{"start":{"line":9,"column":4},"end":{"line":12,"column":8}},"4":{"start":{"line":9,"column":30},"end":{"line":12,"column":5}},"5":{"start":{"line":13,"column":4},"end":{"line":13,"column":66}},"6":{"start":{"line":15,"column":2},"end":{"line":28,"column":4}}},"fnMap":{"0":{"name":"(anonymous_0)","decl":{"start":{"line":6,"column":16},"end":{"line":6,"column":17}},"loc":{"start":{"line":6,"column":44},"end":{"line":29,"column":1}},"line":6},"1":{"name":"(anonymous_1)","decl":{"start":{"line":8,"column":23},"end":{"line":8,"column":24}},"loc":{"start":{"line":8,"column":30},"end":{"line":14,"column":3}},"line":8},"2":{"name":"(anonymous_2)","decl":{"start":{"line":9,"column":14},"end":{"line":9,"column":15}},"loc":{"start":{"line":9,"column":30},"end":{"line":12,"column":5}},"line":9}},"branchMap":{},"s":{"0":3,"1":3,"2":3,"3":0,"4":0,"5":0,"6":3},"f":{"0":3,"1":0,"2":0},"b":{},"_coverageSchema":"1a1c01bbd47fc00a2c39e90264f33305004495a9","hash":"f47c7b4ecaf51987c9baa1f191cec786bbbcb687"}
,"/home/matteo/code/users/src/app/views/users/components/header/Header.js": {"path":"/home/matteo/code/users/src/app/views/users/components/header/Header.js","statementMap":{"0":{"start":{"line":5,"column":15},"end":{"line":22,"column":1}},"1":{"start":{"line":6,"column":2},"end":{"line":21,"column":4}},"2":{"start":{"line":15,"column":28},"end":{"line":15,"column":47}}},"fnMap":{"0":{"name":"(anonymous_0)","decl":{"start":{"line":5,"column":15},"end":{"line":5,"column":16}},"loc":{"start":{"line":5,"column":49},"end":{"line":22,"column":1}},"line":5},"1":{"name":"(anonymous_1)","decl":{"start":{"line":15,"column":22},"end":{"line":15,"column":23}},"loc":{"start":{"line":15,"column":28},"end":{"line":15,"column":47}},"line":15}},"branchMap":{},"s":{"0":4,"1":4,"2":0},"f":{"0":4,"1":0},"b":{},"_coverageSchema":"1a1c01bbd47fc00a2c39e90264f33305004495a9","hash":"1c4e6cc75743f2cc0faca2dd321da616d64533b3"}
,"/home/matteo/code/users/src/app/views/users/components/user/User.js": {"path":"/home/matteo/code/users/src/app/views/users/components/user/User.js","statementMap":{"0":{"start":{"line":12,"column":13},"end":{"line":84,"column":1}},"1":{"start":{"line":13,"column":31},"end":{"line":13,"column":41}},"2":{"start":{"line":15,"column":27},"end":{"line":18,"column":3}},"3":{"start":{"line":16,"column":4},"end":{"line":16,"column":24}},"4":{"start":{"line":17,"column":4},"end":{"line":17,"column":22}},"5":{"start":{"line":20,"column":71},"end":{"line":20,"column":75}},"6":{"start":{"line":21,"column":2},"end":{"line":83,"column":4}},"7":{"start":{"line":25,"column":23},"end":{"line":25,"column":47}},"8":{"start":{"line":47,"column":37},"end":{"line":47,"column":56}},"9":{"start":{"line":70,"column":36},"end":{"line":70,"column":58}},"10":{"start":{"line":75,"column":36},"end":{"line":75,"column":54}},"11":{"start":{"line":79,"column":36},"end":{"line":79,"column":54}}},"fnMap":{"0":{"name":"(anonymous_0)","decl":{"start":{"line":12,"column":13},"end":{"line":12,"column":14}},"loc":{"start":{"line":12,"column":67},"end":{"line":84,"column":1}},"line":12},"1":{"name":"(anonymous_1)","decl":{"start":{"line":15,"column":27},"end":{"line":15,"column":28}},"loc":{"start":{"line":15,"column":34},"end":{"line":18,"column":3}},"line":15},"2":{"name":"(anonymous_2)","decl":{"start":{"line":25,"column":17},"end":{"line":25,"column":18}},"loc":{"start":{"line":25,"column":23},"end":{"line":25,"column":47}},"line":25},"3":{"name":"(anonymous_3)","decl":{"start":{"line":47,"column":30},"end":{"line":47,"column":31}},"loc":{"start":{"line":47,"column":37},"end":{"line":47,"column":56}},"line":47},"4":{"name":"(anonymous_4)","decl":{"start":{"line":70,"column":30},"end":{"line":70,"column":31}},"loc":{"start":{"line":70,"column":36},"end":{"line":70,"column":58}},"line":70},"5":{"name":"(anonymous_5)","decl":{"start":{"line":75,"column":30},"end":{"line":75,"column":31}},"loc":{"start":{"line":75,"column":36},"end":{"line":75,"column":54}},"line":75},"6":{"name":"(anonymous_6)","decl":{"start":{"line":79,"column":30},"end":{"line":79,"column":31}},"loc":{"start":{"line":79,"column":36},"end":{"line":79,"column":54}},"line":79}},"branchMap":{"0":{"loc":{"start":{"line":33,"column":20},"end":{"line":33,"column":48}},"type":"cond-expr","locations":[{"start":{"line":33,"column":31},"end":{"line":33,"column":39}},{"start":{"line":33,"column":42},"end":{"line":33,"column":48}}],"line":33},"1":{"loc":{"start":{"line":54,"column":7},"end":{"line":81,"column":7}},"type":"binary-expr","locations":[{"start":{"line":54,"column":7},"end":{"line":54,"column":12}},{"start":{"line":55,"column":8},"end":{"line":80,"column":10}}],"line":54}},"s":{"0":4,"1":4,"2":4,"3":0,"4":0,"5":4,"6":4,"7":1,"8":0,"9":0,"10":0,"11":0},"f":{"0":4,"1":0,"2":1,"3":0,"4":0,"5":0,"6":0},"b":{"0":[0,4],"1":[4,0]},"_coverageSchema":"1a1c01bbd47fc00a2c39e90264f33305004495a9","hash":"bf506a4daf7cfe758f7f6ee434ecc84525542b67"}
,"/home/matteo/code/users/src/app/views/users/components/users/Users.js": {"path":"/home/matteo/code/users/src/app/views/users/components/users/Users.js","statementMap":{"0":{"start":{"line":4,"column":14},"end":{"line":40,"column":1}},"1":{"start":{"line":8,"column":6},"end":{"line":8,"column":13}},"2":{"start":{"line":9,"column":18},"end":{"line":16,"column":10}},"3":{"start":{"line":10,"column":4},"end":{"line":16,"column":10}},"4":{"start":{"line":17,"column":20},"end":{"line":17,"column":72}},"5":{"start":{"line":17,"column":31},"end":{"line":17,"column":71}},"6":{"start":{"line":18,"column":2},"end":{"line":39,"column":4}},"7":{"start":{"line":26,"column":12},"end":{"line":33,"column":14}}},"fnMap":{"0":{"name":"(anonymous_0)","decl":{"start":{"line":4,"column":14},"end":{"line":4,"column":15}},"loc":{"start":{"line":4,"column":78},"end":{"line":40,"column":1}},"line":4},"1":{"name":"(anonymous_1)","decl":{"start":{"line":9,"column":18},"end":{"line":9,"column":19}},"loc":{"start":{"line":10,"column":4},"end":{"line":16,"column":10}},"line":10},"2":{"name":"(anonymous_2)","decl":{"start":{"line":17,"column":20},"end":{"line":17,"column":21}},"loc":{"start":{"line":17,"column":31},"end":{"line":17,"column":71}},"line":17},"3":{"name":"(anonymous_3)","decl":{"start":{"line":25,"column":15},"end":{"line":25,"column":16}},"loc":{"start":{"line":25,"column":25},"end":{"line":34,"column":11}},"line":25}},"branchMap":{"0":{"loc":{"start":{"line":10,"column":4},"end":{"line":16,"column":10}},"type":"cond-expr","locations":[{"start":{"line":11,"column":8},"end":{"line":13,"column":11}},{"start":{"line":14,"column":8},"end":{"line":16,"column":10}}],"line":10},"1":{"loc":{"start":{"line":11,"column":8},"end":{"line":13,"column":11}},"type":"cond-expr","locations":[{"start":{"line":12,"column":10},"end":{"line":12,"column":12}},{"start":{"line":13,"column":10},"end":{"line":13,"column":11}}],"line":11},"2":{"loc":{"start":{"line":14,"column":8},"end":{"line":16,"column":10}},"type":"cond-expr","locations":[{"start":{"line":15,"column":8},"end":{"line":15,"column":9}},{"start":{"line":16,"column":8},"end":{"line":16,"column":10}}],"line":14},"3":{"loc":{"start":{"line":17,"column":31},"end":{"line":17,"column":71}},"type":"cond-expr","locations":[{"start":{"line":17,"column":42},"end":{"line":17,"column":64}},{"start":{"line":17,"column":67},"end":{"line":17,"column":71}}],"line":17},"4":{"loc":{"start":{"line":20,"column":7},"end":{"line":37,"column":7}},"type":"cond-expr","locations":[{"start":{"line":21,"column":8},"end":{"line":34,"column":12}},{"start":{"line":36,"column":8},"end":{"line":36,"column":65}}],"line":20}},"s":{"0":4,"1":2,"2":2,"3":6,"4":2,"5":6,"6":2,"7":6},"f":{"0":2,"1":6,"2":6,"3":6},"b":{"0":[6,0],"1":[3,3],"2":[0,0],"3":[0,6],"4":[2,0]},"_coverageSchema":"1a1c01bbd47fc00a2c39e90264f33305004495a9","hash":"cbc1ad20aedab6608681bb14095c49de6bf83cbe"}
,"/home/matteo/code/users/src/app/views/users/containers/details/Details.js": {"path":"/home/matteo/code/users/src/app/views/users/containers/details/Details.js","statementMap":{"0":{"start":{"line":6,"column":16},"end":{"line":16,"column":1}},"1":{"start":{"line":7,"column":2},"end":{"line":15,"column":4}}},"fnMap":{"0":{"name":"(anonymous_0)","decl":{"start":{"line":6,"column":16},"end":{"line":6,"column":17}},"loc":{"start":{"line":6,"column":42},"end":{"line":16,"column":1}},"line":6}},"branchMap":{},"s":{"0":4,"1":1},"f":{"0":1},"b":{},"_coverageSchema":"1a1c01bbd47fc00a2c39e90264f33305004495a9","hash":"8262697808ef349ea89b43231befaba1e5788d90"}
,"/home/matteo/code/users/src/app/views/users/containers/usersManagement/UsersManagement.js": {"path":"/home/matteo/code/users/src/app/views/users/containers/usersManagement/UsersManagement.js","statementMap":{"0":{"start":{"line":31,"column":24},"end":{"line":121,"column":1}},"1":{"start":{"line":32,"column":19},"end":{"line":32,"column":32}},"2":{"start":{"line":33,"column":16},"end":{"line":33,"column":37}},"3":{"start":{"line":34,"column":18},"end":{"line":34,"column":46}},"4":{"start":{"line":35,"column":26},"end":{"line":35,"column":38}},"5":{"start":{"line":36,"column":46},"end":{"line":36,"column":61}},"6":{"start":{"line":37,"column":32},"end":{"line":37,"column":47}},"7":{"start":{"line":38,"column":37},"end":{"line":38,"column":64}},"8":{"start":{"line":39,"column":33},"end":{"line":39,"column":37}},"9":{"start":{"line":41,"column":29},"end":{"line":44,"column":3}},"10":{"start":{"line":42,"column":4},"end":{"line":42,"column":18}},"11":{"start":{"line":43,"column":4},"end":{"line":43,"column":28}},"12":{"start":{"line":46,"column":29},"end":{"line":48,"column":3}},"13":{"start":{"line":47,"column":4},"end":{"line":47,"column":29}},"14":{"start":{"line":50,"column":24},"end":{"line":52,"column":3}},"15":{"start":{"line":51,"column":4},"end":{"line":51,"column":26}},"16":{"start":{"line":54,"column":26},"end":{"line":56,"column":3}},"17":{"start":{"line":55,"column":4},"end":{"line":55,"column":30}},"18":{"start":{"line":58,"column":29},"end":{"line":60,"column":3}},"19":{"start":{"line":59,"column":4},"end":{"line":59,"column":33}},"20":{"start":{"line":62,"column":29},"end":{"line":64,"column":3}},"21":{"start":{"line":63,"column":4},"end":{"line":63,"column":34}},"22":{"start":{"line":66,"column":17},"end":{"line":81,"column":3}},"23":{"start":{"line":67,"column":66},"end":{"line":67,"column":70}},"24":{"start":{"line":68,"column":20},"end":{"line":75,"column":5}},"25":{"start":{"line":76,"column":23},"end":{"line":76,"column":68}},"26":{"start":{"line":77,"column":4},"end":{"line":80,"column":7}},"27":{"start":{"line":78,"column":6},"end":{"line":78,"column":27}},"28":{"start":{"line":79,"column":6},"end":{"line":79,"column":33}},"29":{"start":{"line":83,"column":2},"end":{"line":85,"column":23}},"30":{"start":{"line":84,"column":4},"end":{"line":84,"column":30}},"31":{"start":{"line":87,"column":2},"end":{"line":120,"column":4}},"32":{"start":{"line":115,"column":29},"end":{"line":115,"column":49}}},"fnMap":{"0":{"name":"(anonymous_0)","decl":{"start":{"line":31,"column":24},"end":{"line":31,"column":25}},"loc":{"start":{"line":31,"column":30},"end":{"line":121,"column":1}},"line":31},"1":{"name":"(anonymous_1)","decl":{"start":{"line":41,"column":29},"end":{"line":41,"column":30}},"loc":{"start":{"line":41,"column":39},"end":{"line":44,"column":3}},"line":41},"2":{"name":"(anonymous_2)","decl":{"start":{"line":46,"column":29},"end":{"line":46,"column":30}},"loc":{"start":{"line":46,"column":35},"end":{"line":48,"column":3}},"line":46},"3":{"name":"(anonymous_3)","decl":{"start":{"line":50,"column":24},"end":{"line":50,"column":25}},"loc":{"start":{"line":50,"column":39},"end":{"line":52,"column":3}},"line":50},"4":{"name":"(anonymous_4)","decl":{"start":{"line":54,"column":26},"end":{"line":54,"column":27}},"loc":{"start":{"line":54,"column":32},"end":{"line":56,"column":3}},"line":54},"5":{"name":"(anonymous_5)","decl":{"start":{"line":58,"column":29},"end":{"line":58,"column":30}},"loc":{"start":{"line":58,"column":41},"end":{"line":60,"column":3}},"line":58},"6":{"name":"(anonymous_6)","decl":{"start":{"line":62,"column":29},"end":{"line":62,"column":30}},"loc":{"start":{"line":62,"column":41},"end":{"line":64,"column":3}},"line":62},"7":{"name":"(anonymous_7)","decl":{"start":{"line":66,"column":17},"end":{"line":66,"column":18}},"loc":{"start":{"line":66,"column":27},"end":{"line":81,"column":3}},"line":66},"8":{"name":"(anonymous_8)","decl":{"start":{"line":77,"column":27},"end":{"line":77,"column":28}},"loc":{"start":{"line":77,"column":33},"end":{"line":80,"column":5}},"line":77},"9":{"name":"(anonymous_9)","decl":{"start":{"line":83,"column":12},"end":{"line":83,"column":13}},"loc":{"start":{"line":83,"column":18},"end":{"line":85,"column":3}},"line":83},"10":{"name":"(anonymous_10)","decl":{"start":{"line":115,"column":23},"end":{"line":115,"column":24}},"loc":{"start":{"line":115,"column":29},"end":{"line":115,"column":49}},"line":115}},"branchMap":{"0":{"loc":{"start":{"line":94,"column":11},"end":{"line":103,"column":11}},"type":"cond-expr","locations":[{"start":{"line":95,"column":12},"end":{"line":95,"column":22}},{"start":{"line":97,"column":12},"end":{"line":102,"column":14}}],"line":94},"1":{"loc":{"start":{"line":106,"column":7},"end":{"line":113,"column":7}},"type":"binary-expr","locations":[{"start":{"line":106,"column":7},"end":{"line":106,"column":21}},{"start":{"line":107,"column":8},"end":{"line":112,"column":16}}],"line":106},"2":{"loc":{"start":{"line":114,"column":7},"end":{"line":118,"column":7}},"type":"binary-expr","locations":[{"start":{"line":114,"column":7},"end":{"line":114,"column":14}},{"start":{"line":115,"column":8},"end":{"line":117,"column":16}}],"line":114}},"s":{"0":3,"1":3,"2":3,"3":3,"4":3,"5":3,"6":3,"7":3,"8":3,"9":3,"10":0,"11":0,"12":3,"13":0,"14":3,"15":0,"16":3,"17":0,"18":3,"19":0,"20":3,"21":0,"22":3,"23":0,"24":0,"25":0,"26":0,"27":0,"28":0,"29":3,"30":2,"31":3,"32":0},"f":{"0":3,"1":0,"2":0,"3":0,"4":0,"5":0,"6":0,"7":0,"8":0,"9":2,"10":0},"b":{"0":[2,1],"1":[3,0],"2":[3,0]},"_coverageSchema":"1a1c01bbd47fc00a2c39e90264f33305004495a9","hash":"b200cc791b58d829584fef6b7c31c62cb6316d2a"}
,"/home/matteo/code/users/src/app/views/users/store/usersSlice.js": {"path":"/home/matteo/code/users/src/app/views/users/store/usersSlice.js","statementMap":{"0":{"start":{"line":8,"column":21},"end":{"line":14,"column":1}},"1":{"start":{"line":16,"column":26},"end":{"line":24,"column":1}},"2":{"start":{"line":19,"column":4},"end":{"line":21,"column":7}},"3":{"start":{"line":22,"column":4},"end":{"line":22,"column":22}},"4":{"start":{"line":26,"column":19},"end":{"line":47,"column":2}},"5":{"start":{"line":31,"column":6},"end":{"line":31,"column":35}},"6":{"start":{"line":34,"column":6},"end":{"line":34,"column":61}},"7":{"start":{"line":37,"column":6},"end":{"line":37,"column":66}},"8":{"start":{"line":41,"column":4},"end":{"line":45,"column":7}},"9":{"start":{"line":42,"column":24},"end":{"line":42,"column":29}},"10":{"start":{"line":43,"column":20},"end":{"line":43,"column":77}},"11":{"start":{"line":43,"column":48},"end":{"line":43,"column":76}},"12":{"start":{"line":44,"column":6},"end":{"line":44,"column":29}},"13":{"start":{"line":49,"column":57},"end":{"line":49,"column":75}},"14":{"start":{"line":53,"column":24},"end":{"line":58,"column":1}},"15":{"start":{"line":54,"column":13},"end":{"line":54,"column":30}},"16":{"start":{"line":56,"column":4},"end":{"line":56,"column":17}},"17":{"start":{"line":60,"column":29},"end":{"line":65,"column":1}},"18":{"start":{"line":61,"column":13},"end":{"line":61,"column":30}},"19":{"start":{"line":63,"column":4},"end":{"line":63,"column":24}},"20":{"start":{"line":67,"column":31},"end":{"line":72,"column":1}},"21":{"start":{"line":68,"column":13},"end":{"line":68,"column":32}},"22":{"start":{"line":70,"column":4},"end":{"line":70,"column":19}}},"fnMap":{"0":{"name":"(anonymous_0)","decl":{"start":{"line":18,"column":2},"end":{"line":18,"column":3}},"loc":{"start":{"line":18,"column":20},"end":{"line":23,"column":3}},"line":18},"1":{"name":"(anonymous_1)","decl":{"start":{"line":30,"column":4},"end":{"line":30,"column":5}},"loc":{"start":{"line":30,"column":29},"end":{"line":32,"column":5}},"line":30},"2":{"name":"(anonymous_2)","decl":{"start":{"line":33,"column":4},"end":{"line":33,"column":5}},"loc":{"start":{"line":33,"column":25},"end":{"line":35,"column":5}},"line":33},"3":{"name":"(anonymous_3)","decl":{"start":{"line":36,"column":4},"end":{"line":36,"column":5}},"loc":{"start":{"line":36,"column":31},"end":{"line":38,"column":5}},"line":36},"4":{"name":"(anonymous_4)","decl":{"start":{"line":40,"column":17},"end":{"line":40,"column":18}},"loc":{"start":{"line":40,"column":30},"end":{"line":46,"column":3}},"line":40},"5":{"name":"(anonymous_5)","decl":{"start":{"line":41,"column":42},"end":{"line":41,"column":43}},"loc":{"start":{"line":41,"column":61},"end":{"line":45,"column":5}},"line":41},"6":{"name":"(anonymous_6)","decl":{"start":{"line":43,"column":36},"end":{"line":43,"column":37}},"loc":{"start":{"line":43,"column":48},"end":{"line":43,"column":76}},"line":43},"7":{"name":"(anonymous_7)","decl":{"start":{"line":54,"column":2},"end":{"line":54,"column":3}},"loc":{"start":{"line":54,"column":13},"end":{"line":54,"column":30}},"line":54},"8":{"name":"(anonymous_8)","decl":{"start":{"line":55,"column":2},"end":{"line":55,"column":3}},"loc":{"start":{"line":55,"column":13},"end":{"line":57,"column":3}},"line":55},"9":{"name":"(anonymous_9)","decl":{"start":{"line":61,"column":2},"end":{"line":61,"column":3}},"loc":{"start":{"line":61,"column":13},"end":{"line":61,"column":30}},"line":61},"10":{"name":"(anonymous_10)","decl":{"start":{"line":62,"column":2},"end":{"line":62,"column":3}},"loc":{"start":{"line":62,"column":13},"end":{"line":64,"column":3}},"line":62},"11":{"name":"(anonymous_11)","decl":{"start":{"line":68,"column":2},"end":{"line":68,"column":3}},"loc":{"start":{"line":68,"column":13},"end":{"line":68,"column":32}},"line":68},"12":{"name":"(anonymous_12)","decl":{"start":{"line":69,"column":2},"end":{"line":69,"column":3}},"loc":{"start":{"line":69,"column":15},"end":{"line":71,"column":3}},"line":69}},"branchMap":{},"s":{"0":5,"1":5,"2":0,"3":0,"4":5,"5":2,"6":0,"7":0,"8":4,"9":0,"10":0,"11":0,"12":0,"13":5,"14":5,"15":2,"16":2,"17":5,"18":0,"19":0,"20":5,"21":2,"22":1},"f":{"0":0,"1":2,"2":0,"3":0,"4":4,"5":0,"6":0,"7":2,"8":2,"9":0,"10":0,"11":2,"12":1},"b":{},"_coverageSchema":"1a1c01bbd47fc00a2c39e90264f33305004495a9","hash":"814089098788c49067ddd31c1c94c729f2f4974c"}
}
